<?xml version="1.0" encoding="UTF-8"?>
<testng-results ignored="0" total="1" passed="1" failed="0" skipped="0">
  <reporter-output>
  </reporter-output>
  <suite started-at="2024-03-17T17:11:25 IST" name="Default suite" finished-at="2024-03-17T17:11:28 IST" duration-ms="3649">
    <groups>
    </groups>
    <test started-at="2024-03-17T17:11:25 IST" name="Default test" finished-at="2024-03-17T17:11:28 IST" duration-ms="3649">
      <class name="sampleapitests.OAuthSDTest">
        <test-method signature="oAuthTestSerandDS()[pri:0, instance:sampleapitests.OAuthSDTest@56de5251]" started-at="2024-03-17T17:11:25 IST" name="oAuthTestSerandDS" finished-at="2024-03-17T17:11:28 IST" duration-ms="3619" status="PASS">
          <reporter-output>
          </reporter-output>
        </test-method> <!-- oAuthTestSerandDS -->
      </class> <!-- sampleapitests.OAuthSDTest -->
    </test> <!-- Default test -->
  </suite> <!-- Default suite -->
</testng-results>
